<?xml version="1.0" encoding="UTF-8"?>
<!-- Generated by org.testng.reporters.JUnitXMLReporter -->
<testsuite ignored="0" hostname="DESKTOP-VV9CGCD" failures="0" tests="3" name="Default test" time="0.067" errors="0" timestamp="2021-05-10T10:39:44 MESZ">
  <testcase classname="com.inetbanking.testCases.Test_Class" name="loginDDT" time="0.009"/>
  <testcase classname="com.inetbanking.testCases.Test_Class" name="loginDDT" time="0.002"/>
  <testcase classname="com.inetbanking.testCases.Test_Class" name="loginDDT" time="0.002"/>
</testsuite> <!-- Default test -->
