<?xml version="1.0" encoding="UTF-8"?>
<!-- Generated by org.testng.reporters.JUnitXMLReporter -->
<testsuite ignored="0" hostname="DESKTOP-HRG1SKO" failures="0" tests="3" name="BankingApp Test2" time="33.622" errors="0" timestamp="2021-05-12T11:04:10 CEST">
  <testcase classname="com.inetbanking.testCases.By_computer_test" name="folder" time="9.062"/>
  <testcase classname="com.inetbanking.testCases.By_computer_test" name="folder" time="7.785"/>
  <testcase classname="com.inetbanking.testCases.By_computer_test" name="folder" time="7.767"/>
</testsuite> <!-- BankingApp Test2 -->
