<?xml version="1.0" encoding="UTF-8"?>
<testng-results ignored="0" total="1" passed="1" failed="0" skipped="0">
  <reporter-output>
  </reporter-output>
  <suite started-at="2021-04-18T15:09:36Z" name="InetBankingV1" finished-at="2021-04-18T15:09:59Z" duration-ms="23796">
    <groups>
    </groups>
    <test started-at="2021-04-18T15:09:36Z" name="BankingApp Test2" finished-at="2021-04-18T15:09:59Z" duration-ms="23796">
      <class name="com.inetbanking.testCases.TC_AddCustomerTest_003">
        <test-method is-config="true" signature="setup(java.lang.String)[pri:0, instance:com.inetbanking.testCases.TC_AddCustomerTest_003@7e07db1f]" started-at="2021-04-18T15:09:36Z" name="setup" finished-at="2021-04-18T15:09:45Z" duration-ms="9358" status="PASS">
          <params>
            <param index="0">
              <value>
                <![CDATA[chrome]]>
              </value>
            </param>
          </params>
          <reporter-output>
          </reporter-output>
        </test-method> <!-- setup -->
        <test-method signature="addNewCustomer()[pri:0, instance:com.inetbanking.testCases.TC_AddCustomerTest_003@7e07db1f]" started-at="2021-04-18T15:09:45Z" name="addNewCustomer" finished-at="2021-04-18T15:09:59Z" duration-ms="14251" status="PASS">
          <reporter-output>
          </reporter-output>
        </test-method> <!-- addNewCustomer -->
        <test-method is-config="true" signature="tearDown()[pri:0, instance:com.inetbanking.testCases.TC_AddCustomerTest_003@7e07db1f]" started-at="2021-04-18T15:09:59Z" name="tearDown" finished-at="2021-04-18T15:09:59Z" duration-ms="1" status="PASS">
          <reporter-output>
          </reporter-output>
        </test-method> <!-- tearDown -->
      </class> <!-- com.inetbanking.testCases.TC_AddCustomerTest_003 -->
    </test> <!-- BankingApp Test2 -->
  </suite> <!-- InetBankingV1 -->
</testng-results>
