<?xml version="1.0" encoding="UTF-8"?>
<testng-results ignored="0" total="3" passed="3" failed="0" skipped="0">
  <reporter-output>
  </reporter-output>
  <suite started-at="2021-05-12T09:28:52 CEST" name="InetBankingV1" finished-at="2021-05-12T09:31:10 CEST" duration-ms="137793">
    <groups>
    </groups>
    <test started-at="2021-05-12T09:28:52 CEST" name="BankingApp Test2" finished-at="2021-05-12T09:31:10 CEST" duration-ms="137793">
      <class name="com.inetbanking.testCases.By_computer_test">
        <test-method is-config="true" signature="setup(java.lang.String)[pri:0, instance:com.inetbanking.testCases.By_computer_test@d771cc9]" started-at="2021-05-12T09:28:53 CEST" name="setup" finished-at="2021-05-12T09:29:01 CEST" duration-ms="8568" status="PASS">
          <params>
            <param index="0">
              <value>
                <![CDATA[edge]]>
              </value>
            </param>
          </params>
          <reporter-output>
          </reporter-output>
        </test-method> <!-- setup -->
        <test-method signature="folder(java.lang.String, java.lang.String, java.lang.String)[pri:0, instance:com.inetbanking.testCases.By_computer_test@d771cc9]" started-at="2021-05-12T09:29:01 CEST" name="folder" data-provider="LoginData" finished-at="2021-05-12T09:29:44 CEST" duration-ms="43154" status="PASS">
          <params>
            <param index="0">
              <value>
                <![CDATA[product_attribute_72_5_18_53]]>
              </value>
            </param>
            <param index="1">
              <value>
                <![CDATA[product_attribute_72_6_19_55]]>
              </value>
            </param>
            <param index="2">
              <value>
                <![CDATA[product_attribute_72_3_20_57]]>
              </value>
            </param>
          </params>
          <reporter-output>
          </reporter-output>
        </test-method> <!-- folder -->
        <test-method signature="folder(java.lang.String, java.lang.String, java.lang.String)[pri:0, instance:com.inetbanking.testCases.By_computer_test@d771cc9]" started-at="2021-05-12T09:29:44 CEST" name="folder" data-provider="LoginData" finished-at="2021-05-12T09:30:27 CEST" duration-ms="42935" status="PASS">
          <params>
            <param index="0">
              <value>
                <![CDATA[product_attribute_72_5_18_52]]>
              </value>
            </param>
            <param index="1">
              <value>
                <![CDATA[product_attribute_72_6_19_91]]>
              </value>
            </param>
            <param index="2">
              <value>
                <![CDATA[product_attribute_72_3_20_57]]>
              </value>
            </param>
          </params>
          <reporter-output>
          </reporter-output>
        </test-method> <!-- folder -->
        <test-method signature="folder(java.lang.String, java.lang.String, java.lang.String)[pri:0, instance:com.inetbanking.testCases.By_computer_test@d771cc9]" started-at="2021-05-12T09:30:27 CEST" name="folder" data-provider="LoginData" finished-at="2021-05-12T09:31:10 CEST" duration-ms="42923" status="PASS">
          <params>
            <param index="0">
              <value>
                <![CDATA[product_attribute_72_5_18_53]]>
              </value>
            </param>
            <param index="1">
              <value>
                <![CDATA[product_attribute_72_6_19_55]]>
              </value>
            </param>
            <param index="2">
              <value>
                <![CDATA[product_attribute_72_3_20_57]]>
              </value>
            </param>
          </params>
          <reporter-output>
          </reporter-output>
        </test-method> <!-- folder -->
        <test-method is-config="true" signature="tearDown()[pri:0, instance:com.inetbanking.testCases.By_computer_test@d771cc9]" started-at="2021-05-12T09:31:10 CEST" name="tearDown" finished-at="2021-05-12T09:31:10 CEST" duration-ms="3" status="PASS">
          <reporter-output>
          </reporter-output>
        </test-method> <!-- tearDown -->
      </class> <!-- com.inetbanking.testCases.By_computer_test -->
    </test> <!-- BankingApp Test2 -->
  </suite> <!-- InetBankingV1 -->
</testng-results>
