<?xml version="1.0" encoding="UTF-8"?>
<testng-results ignored="0" total="1" passed="1" failed="0" skipped="0">
  <reporter-output>
  </reporter-output>
  <suite started-at="2021-05-03T06:01:44Z" name="InetBankingV1" finished-at="2021-05-03T06:02:19Z" duration-ms="34573">
    <groups>
    </groups>
    <test started-at="2021-05-03T06:01:44Z" name="BankingApp Test2" finished-at="2021-05-03T06:02:19Z" duration-ms="34573">
      <class name="com.inetbanking.testCases.Test_Case_01">
        <test-method is-config="true" signature="setup(java.lang.String)[pri:0, instance:com.inetbanking.testCases.Test_Case_01@3098cf3b]" started-at="2021-05-03T06:01:45Z" name="setup" finished-at="2021-05-03T06:01:54Z" duration-ms="9304" status="PASS">
          <params>
            <param index="0">
              <value>
                <![CDATA[edge]]>
              </value>
            </param>
          </params>
          <reporter-output>
          </reporter-output>
        </test-method> <!-- setup -->
        <test-method signature="method()[pri:0, instance:com.inetbanking.testCases.Test_Case_01@3098cf3b]" started-at="2021-05-03T06:01:54Z" name="method" finished-at="2021-05-03T06:02:19Z" duration-ms="25074" status="PASS">
          <reporter-output>
          </reporter-output>
        </test-method> <!-- method -->
        <test-method is-config="true" signature="tearDown()[pri:0, instance:com.inetbanking.testCases.Test_Case_01@3098cf3b]" started-at="2021-05-03T06:02:19Z" name="tearDown" finished-at="2021-05-03T06:02:19Z" duration-ms="0" status="PASS">
          <reporter-output>
          </reporter-output>
        </test-method> <!-- tearDown -->
      </class> <!-- com.inetbanking.testCases.Test_Case_01 -->
    </test> <!-- BankingApp Test2 -->
  </suite> <!-- InetBankingV1 -->
</testng-results>
